<?xml version="1.0" encoding="UTF-8" ?>
<testsuite tests="3" failures="0" name="CharacterTest" time="1.02" errors="0" skipped="0">
  <properties>
[...]
</properties>
  <testcase classname="CharacterTest" name="characterShouldMoveToTheLeftAfterTheLeftKeyIsPressed" time="0.922"/>
  <testcase classname="CharacterTest" name="characterShouldMoveToTheRightAfterTheRightKeyIsPressed" time="0.051"/>
  <testcase classname="CharacterTest" name="characterInitialValuesShouldMatchConstructorArguments" time="0.047"/>
</testsuite>